TN:
SF:01-requestcount.js
FNF:0
FNH:0
DA:1,1
DA:2,1
DA:3,1
DA:4,1
DA:5,1
DA:6,1
DA:7,1
DA:8,1
DA:9,1
DA:10,1
DA:11,1
DA:12,1
DA:13,12
DA:14,12
DA:15,12
DA:16,1
DA:17,10
DA:18,1
DA:19,1
DA:20,1
DA:21,0
DA:22,1
DA:23,1
DA:24,1
DA:25,2
DA:26,1
DA:27,1
DA:28,1
LF:28
LH:27
BRDA:12,0,0,12
BRDA:16,1,0,10
BRDA:24,2,0,2
BRF:3
BRH:3
end_of_record
TN:
SF:02-ratelimitter.js
FNF:0
FNH:0
DA:1,1
DA:2,1
DA:3,1
DA:4,1
DA:5,1
DA:6,1
DA:7,1
DA:8,1
DA:9,1
DA:10,1
DA:11,1
DA:12,1
DA:13,1
DA:14,1
DA:15,1
DA:16,2
DA:17,1
DA:18,1
DA:19,1
DA:20,13
DA:21,13
DA:22,11
DA:23,13
DA:24,7
DA:25,13
DA:26,13
DA:27,1
DA:28,1
DA:29,6
DA:30,1
DA:31,1
DA:32,1
DA:33,0
DA:34,1
DA:35,1
DA:36,1
LF:36
LH:35
BRDA:15,0,0,2
BRDA:19,1,0,13
BRDA:21,2,0,2
BRDA:22,3,0,11
BRDA:23,4,0,7
BRDA:25,5,0,6
BRDA:28,6,0,6
BRF:7
BRH:7
end_of_record
TN:
SF:03-errorcount.js
FNF:0
FNH:0
DA:1,1
DA:2,1
DA:3,1
DA:4,1
DA:5,1
DA:6,1
DA:7,1
DA:8,1
DA:9,1
DA:10,1
DA:11,1
DA:12,1
DA:13,1
DA:14,11
DA:15,11
DA:16,0
DA:17,11
DA:18,11
DA:19,11
DA:20,11
DA:21,1
DA:22,1
DA:23,1
DA:24,0
DA:25,1
DA:26,1
DA:27,1
DA:28,2
DA:29,1
DA:30,1
DA:31,1
LF:31
LH:29
BRDA:13,0,0,11
BRDA:15,1,0,0
BRDA:27,2,0,2
BRF:3
BRH:2
end_of_record
